<?xml version="1.0" encoding="utf-8"?><testsuites name="pytest tests"><testsuite name="pytest" errors="0" failures="0" skipped="0" tests="17" time="4.656" timestamp="2026-05-24T10:09:51.814365+00:00" hostname="agent-env-2856f547-b469-4bda-adbd-c17ceb12dd17"><testcase classname="backend.tests.test_settings_integration.TestSettingsMasking" name="test_get_settings_default_shape" time="0.463" /><testcase classname="backend.tests.test_settings_integration.TestSettingsMasking" name="test_get_settings_requires_auth" time="0.101" /><testcase classname="backend.tests.test_settings_integration.TestSettingsPreservation" name="test_put_persists_paypal_secret_and_masks_on_read" time="0.208" /><testcase classname="backend.tests.test_settings_integration.TestSettingsPreservation" name="test_put_with_empty_secret_preserves_existing" time="0.201" /><testcase classname="backend.tests.test_settings_integration.TestSettingsPreservation" name="test_put_smtp_password_preserved" time="0.202" /><testcase classname="backend.tests.test_settings_integration.TestSettingsPreservation" name="test_put_requires_super_admin" time="0.101" /><testcase classname="backend.tests.test_settings_integration.TestPayPalTestEndpoint" name="test_paypal_test_demo_mode" time="0.216" /><testcase classname="backend.tests.test_settings_integration.TestPayPalTestEndpoint" name="test_paypal_test_sandbox_invalid_creds" time="0.453" /><testcase classname="backend.tests.test_settings_integration.TestPayPalTestEndpoint" name="test_paypal_test_requires_admin" time="0.104" /><testcase classname="backend.tests.test_settings_integration.TestSMTPTestEndpoint" name="test_smtp_test_not_configured_returns_400" time="0.212" /><testcase classname="backend.tests.test_settings_integration.TestSMTPTestEndpoint" name="test_smtp_test_requires_admin" time="0.102" /><testcase classname="backend.tests.test_settings_integration.TestPaymentsDemo" name="test_init_demo_returns_no_approve_url" time="0.405" /><testcase classname="backend.tests.test_settings_integration.TestPaymentsDemo" name="test_capture_demo_sets_paid_and_timeline" time="0.360" /><testcase classname="backend.tests.test_settings_integration.TestPaymentsDemo" name="test_capture_idempotent" time="0.099" /><testcase classname="backend.tests.test_settings_integration.TestPaymentsRealModeFailure" name="test_init_sandbox_invalid_creds_returns_502" time="0.705" /><testcase classname="backend.tests.test_settings_integration.TestApplicationEmailSoftFail" name="test_create_application_succeeds_when_smtp_disabled" time="0.213" /><testcase classname="backend.tests.test_settings_integration.TestDecisionEmailSoftFail" name="test_decision_update_succeeds_when_smtp_disabled" time="0.424" /></testsuite></testsuites>