<?xml version="1.0" encoding="utf-8"?><testsuites name="pytest tests"><testsuite name="pytest" errors="0" failures="0" skipped="0" tests="21" time="7.063" timestamp="2026-05-24T12:51:33.375936+00:00" hostname="agent-env-2856f547-b469-4bda-adbd-c17ceb12dd17"><testcase classname="backend.tests.test_iteration4.TestSlugs" name="test_all_properties_have_slug" time="0.223" /><testcase classname="backend.tests.test_iteration4.TestSlugs" name="test_resolve_by_slug_and_by_id_returns_same" time="0.358" /><testcase classname="backend.tests.test_iteration4.TestSlugs" name="test_unknown_slug_404" time="0.124" /><testcase classname="backend.tests.test_iteration4.TestAdminPropertySlug" name="test_create_auto_slug" time="0.462" /><testcase classname="backend.tests.test_iteration4.TestAdminPropertySlug" name="test_create_collision_suffix" time="0.118" /><testcase classname="backend.tests.test_iteration4.TestAdminPropertySlug" name="test_update_preserves_slug_when_title_unchanged" time="0.202" /><testcase classname="backend.tests.test_iteration4.TestAdminPropertySlug" name="test_update_regenerates_slug_when_title_changed" time="0.775" /><testcase classname="backend.tests.test_iteration4.TestPropertyImages" name="test_upload_png_image" time="0.861" /><testcase classname="backend.tests.test_iteration4.TestPropertyImages" name="test_get_image_streams" time="0.340" /><testcase classname="backend.tests.test_iteration4.TestPropertyImages" name="test_reject_non_image" time="0.134" /><testcase classname="backend.tests.test_iteration4.TestPropertyImages" name="test_reject_too_large" time="0.441" /><testcase classname="backend.tests.test_iteration4.TestPropertyImages" name="test_reorder_validates_permutation" time="1.007" /><testcase classname="backend.tests.test_iteration4.TestPropertyImages" name="test_delete_image_and_404_bad_index" time="0.461" /><testcase classname="backend.tests.test_iteration4.TestDocReview" name="test_verify_no_reason_required" time="0.579" /><testcase classname="backend.tests.test_iteration4.TestDocReview" name="test_reject_requires_reason" time="0.099" /><testcase classname="backend.tests.test_iteration4.TestDocReview" name="test_reject_with_reason" time="0.105" /><testcase classname="backend.tests.test_iteration4.TestDocReview" name="test_replacement_requires_reason" time="0.130" /><testcase classname="backend.tests.test_iteration4.TestDocReview" name="test_invalid_status" time="0.100" /><testcase classname="backend.tests.test_iteration4.TestDocReview" name="test_bad_index" time="0.107" /><testcase classname="backend.tests.test_iteration4.TestDocReview" name="test_track_returns_review_fields" time="0.235" /><testcase classname="backend.tests.test_iteration4.TestDocReview" name="test_audit_log_entry" time="0.114" /></testsuite></testsuites>