<?xml version="1.0" encoding="utf-8"?><testsuites name="pytest tests"><testsuite name="pytest" errors="0" failures="0" skipped="0" tests="22" time="3.829" timestamp="2026-05-24T12:26:10.950530+00:00" hostname="agent-env-2856f547-b469-4bda-adbd-c17ceb12dd17"><testcase classname="backend.tests.test_iteration3.TestBankTransfer" name="test_bank_info_public" time="0.172" /><testcase classname="backend.tests.test_iteration3.TestBankTransfer" name="test_bank_transfer_success" time="0.615" /><testcase classname="backend.tests.test_iteration3.TestBankTransfer" name="test_bank_transfer_unknown_app" time="0.103" /><testcase classname="backend.tests.test_iteration3.TestBankTransfer" name="test_bank_transfer_missing_txn" time="0.117" /><testcase classname="backend.tests.test_iteration3.TestConfirmationPDF" name="test_pdf_success" time="0.063" /><testcase classname="backend.tests.test_iteration3.TestConfirmationPDF" name="test_pdf_wrong_email" time="0.050" /><testcase classname="backend.tests.test_iteration3.TestConfirmationPDF" name="test_pdf_unknown_app" time="0.051" /><testcase classname="backend.tests.test_iteration3.TestCSVExport" name="test_csv_requires_auth" time="0.098" /><testcase classname="backend.tests.test_iteration3.TestCSVExport" name="test_csv_returns_csv" time="0.055" /><testcase classname="backend.tests.test_iteration3.TestCSVExport" name="test_csv_filter_q" time="0.048" /><testcase classname="backend.tests.test_iteration3.TestContact" name="test_contact_success" time="0.051" /><testcase classname="backend.tests.test_iteration3.TestContact" name="test_contact_missing_field" time="0.048" /><testcase classname="backend.tests.test_iteration3.TestContact" name="test_contact_oversize" time="0.049" /><testcase classname="backend.tests.test_iteration3.TestAdminUsers" name="test_list_users_super_admin" time="0.057" /><testcase classname="backend.tests.test_iteration3.TestAdminUsers" name="test_list_users_forbidden_for_manager" time="0.644" /><testcase classname="backend.tests.test_iteration3.TestAdminUsers" name="test_create_duplicate" time="0.050" /><testcase classname="backend.tests.test_iteration3.TestAdminUsers" name="test_create_weak_password" time="0.048" /><testcase classname="backend.tests.test_iteration3.TestAdminUsers" name="test_create_invalid_role" time="0.050" /><testcase classname="backend.tests.test_iteration3.TestAdminUsers" name="test_patch_role_and_password" time="0.548" /><testcase classname="backend.tests.test_iteration3.TestAdminUsers" name="test_patch_deactivate_then_login_forbidden" time="0.378" /><testcase classname="backend.tests.test_iteration3.TestAdminUsers" name="test_cannot_delete_self" time="0.157" /><testcase classname="backend.tests.test_iteration3.TestAdminUsers" name="test_cannot_demote_last_super_admin" time="0.274" /></testsuite></testsuites>