<?xml version="1.0" encoding="utf-8"?><testsuites name="pytest tests"><testsuite name="pytest" errors="0" failures="0" skipped="0" tests="37" time="4.647" timestamp="2026-05-24T09:49:58.828082+00:00" hostname="agent-env-2856f547-b469-4bda-adbd-c17ceb12dd17"><testcase classname="backend.tests.test_rentsure.TestProperties" name="test_list_seeded" time="0.213" /><testcase classname="backend.tests.test_rentsure.TestProperties" name="test_filter_city" time="0.045" /><testcase classname="backend.tests.test_rentsure.TestProperties" name="test_filter_rent_range" time="0.050" /><testcase classname="backend.tests.test_rentsure.TestProperties" name="test_filter_bedrooms" time="0.043" /><testcase classname="backend.tests.test_rentsure.TestProperties" name="test_filter_type" time="0.043" /><testcase classname="backend.tests.test_rentsure.TestProperties" name="test_sort_rent_asc" time="0.044" /><testcase classname="backend.tests.test_rentsure.TestProperties" name="test_sort_rent_desc" time="0.045" /><testcase classname="backend.tests.test_rentsure.TestProperties" name="test_get_one" time="0.044" /><testcase classname="backend.tests.test_rentsure.TestProperties" name="test_get_404" time="0.047" /><testcase classname="backend.tests.test_rentsure.TestReviews" name="test_list_reviews" time="0.045" /><testcase classname="backend.tests.test_rentsure.TestApplicationFlow" name="test_create_application" time="0.044" /><testcase classname="backend.tests.test_rentsure.TestApplicationFlow" name="test_upload_document" time="0.304" /><testcase classname="backend.tests.test_rentsure.TestApplicationFlow" name="test_upload_ssn_doc" time="0.609" /><testcase classname="backend.tests.test_rentsure.TestApplicationFlow" name="test_upload_invalid_ext" time="0.133" /><testcase classname="backend.tests.test_rentsure.TestApplicationFlow" name="test_payment_init_capture" time="0.149" /><testcase classname="backend.tests.test_rentsure.TestApplicationFlow" name="test_track_success" time="0.046" /><testcase classname="backend.tests.test_rentsure.TestApplicationFlow" name="test_track_wrong_email" time="0.043" /><testcase classname="backend.tests.test_rentsure.TestApplicationFlow" name="test_track_not_found" time="0.044" /><testcase classname="backend.tests.test_rentsure.TestApplicationFlow" name="test_refund_request" time="0.064" /><testcase classname="backend.tests.test_rentsure.TestApplicationFlow" name="test_refund_wrong_email" time="0.044" /><testcase classname="backend.tests.test_rentsure.TestAuth" name="test_login_success" time="0.303" /><testcase classname="backend.tests.test_rentsure.TestAuth" name="test_login_wrong_password" time="0.264" /><testcase classname="backend.tests.test_rentsure.TestAuth" name="test_me_with_token" time="0.044" /><testcase classname="backend.tests.test_rentsure.TestAuth" name="test_me_without_token" time="0.104" /><testcase classname="backend.tests.test_rentsure.TestAdmin" name="test_dashboard" time="0.049" /><testcase classname="backend.tests.test_rentsure.TestAdmin" name="test_property_crud" time="0.211" /><testcase classname="backend.tests.test_rentsure.TestAdmin" name="test_list_applications_has_title" time="0.046" /><testcase classname="backend.tests.test_rentsure.TestAdmin" name="test_screening_update" time="0.087" /><testcase classname="backend.tests.test_rentsure.TestAdmin" name="test_screening_invalid_key" time="0.045" /><testcase classname="backend.tests.test_rentsure.TestAdmin" name="test_decision_update" time="0.087" /><testcase classname="backend.tests.test_rentsure.TestAdmin" name="test_payment_mark" time="0.108" /><testcase classname="backend.tests.test_rentsure.TestAdmin" name="test_payment_mark_invalid" time="0.107" /><testcase classname="backend.tests.test_rentsure.TestAdmin" name="test_reviews_crud" time="0.132" /><testcase classname="backend.tests.test_rentsure.TestAdmin" name="test_refund_requests_list_and_status" time="0.187" /><testcase classname="backend.tests.test_rentsure.TestAdmin" name="test_audit_logs_and_ssn" time="0.096" /><testcase classname="backend.tests.test_rentsure.TestAdmin" name="test_settings_get_put" time="0.109" /><testcase classname="backend.tests.test_rentsure.TestAdmin" name="test_admin_endpoints_require_auth" time="0.461" /></testsuite></testsuites>